<?xml version="1.0" encoding="UTF-8"?>
<coverage generated="1675812561192" clover="3.2.0">
  <project timestamp="1675812561192" name="All files">
    <metrics statements="126" coveredstatements="99" conditionals="78" coveredconditionals="59" methods="39" coveredmethods="33" elements="243" coveredelements="191" complexity="0" loc="126" ncloc="126" packages="1" files="6" classes="6"/>
    <file name="Modal.jsx" path="/home/schu96/FEC23/client/src/components/RelatedOutfits/Modal.jsx">
      <metrics statements="26" coveredstatements="25" conditionals="24" coveredconditionals="20" methods="9" coveredmethods="9"/>
      <line num="5" count="36" type="stmt"/>
      <line num="6" count="36" type="stmt"/>
      <line num="7" count="15" type="cond" truecount="4" falsecount="0"/>
      <line num="8" count="3" type="stmt"/>
      <line num="9" count="3" type="stmt"/>
      <line num="10" count="15" type="cond" truecount="1" falsecount="1"/>
      <line num="11" count="15" type="stmt"/>
      <line num="13" count="0" type="stmt"/>
      <line num="15" count="3" type="stmt"/>
      <line num="16" count="15" type="stmt"/>
      <line num="18" count="45" type="cond" truecount="2" falsecount="0"/>
      <line num="19" count="9" type="cond" truecount="2" falsecount="0"/>
      <line num="21" count="36" type="stmt"/>
      <line num="24" count="30" type="cond" truecount="2" falsecount="0"/>
      <line num="25" count="6" type="cond" truecount="1" falsecount="1"/>
      <line num="27" count="24" type="stmt"/>
      <line num="31" count="3" type="stmt"/>
      <line num="32" count="3" type="stmt"/>
      <line num="37" count="2" type="stmt"/>
      <line num="39" count="10" type="stmt"/>
      <line num="55" count="3" type="stmt"/>
      <line num="56" count="3" type="stmt"/>
      <line num="57" count="3" type="stmt"/>
      <line num="59" count="36" type="cond" truecount="2" falsecount="0"/>
      <line num="60" count="34" type="stmt"/>
      <line num="62" count="2" type="stmt"/>
    </file>
    <file name="OutfitCards.jsx" path="/home/schu96/FEC23/client/src/components/RelatedOutfits/OutfitCards.jsx">
      <metrics statements="19" coveredstatements="11" conditionals="6" coveredconditionals="5" methods="4" coveredmethods="2"/>
      <line num="6" count="6" type="stmt"/>
      <line num="7" count="6" type="stmt"/>
      <line num="8" count="3" type="stmt"/>
      <line num="9" count="3" type="stmt"/>
      <line num="10" count="3" type="stmt"/>
      <line num="11" count="3" type="stmt"/>
      <line num="12" count="3" type="stmt"/>
      <line num="13" count="3" type="stmt"/>
      <line num="14" count="3" type="stmt"/>
      <line num="15" count="3" type="stmt"/>
      <line num="19" count="0" type="stmt"/>
      <line num="20" count="0" type="stmt"/>
      <line num="21" count="0" type="stmt"/>
      <line num="22" count="0" type="stmt"/>
      <line num="23" count="0" type="stmt"/>
      <line num="24" count="0" type="stmt"/>
      <line num="25" count="0" type="stmt"/>
      <line num="26" count="0" type="stmt"/>
      <line num="28" count="6" type="stmt"/>
    </file>
    <file name="Outfits.jsx" path="/home/schu96/FEC23/client/src/components/RelatedOutfits/Outfits.jsx">
      <metrics statements="26" coveredstatements="21" conditionals="18" coveredconditionals="11" methods="9" coveredmethods="8"/>
      <line num="5" count="15" type="stmt"/>
      <line num="6" count="15" type="stmt"/>
      <line num="7" count="15" type="stmt"/>
      <line num="8" count="15" type="stmt"/>
      <line num="9" count="6" type="cond" truecount="2" falsecount="0"/>
      <line num="10" count="3" type="stmt"/>
      <line num="11" count="3" type="stmt"/>
      <line num="14" count="15" type="stmt"/>
      <line num="15" count="10" type="cond" truecount="2" falsecount="0"/>
      <line num="16" count="1" type="stmt"/>
      <line num="20" count="1" type="stmt"/>
      <line num="28" count="1" type="stmt"/>
      <line num="31" count="1" type="stmt"/>
      <line num="32" count="1" type="stmt"/>
      <line num="33" count="1" type="stmt"/>
      <line num="34" count="1" type="stmt"/>
      <line num="35" count="1" type="stmt"/>
      <line num="36" count="1" type="stmt"/>
      <line num="39" count="0" type="stmt"/>
      <line num="40" count="0" type="stmt"/>
      <line num="41" count="0" type="cond" truecount="0" falsecount="2"/>
      <line num="42" count="0" type="cond" truecount="0" falsecount="2"/>
      <line num="43" count="0" type="stmt"/>
      <line num="46" count="15" type="stmt"/>
      <line num="47" count="5" type="stmt"/>
      <line num="52" count="15" type="stmt"/>
    </file>
    <file name="RelatedCards.jsx" path="/home/schu96/FEC23/client/src/components/RelatedOutfits/RelatedCards.jsx">
      <metrics statements="11" coveredstatements="8" conditionals="6" coveredconditionals="6" methods="4" coveredmethods="3"/>
      <line num="7" count="35" type="stmt"/>
      <line num="8" count="35" type="stmt"/>
      <line num="10" count="35" type="stmt"/>
      <line num="11" count="17" type="stmt"/>
      <line num="15" count="1" type="stmt"/>
      <line num="16" count="1" type="stmt"/>
      <line num="17" count="1" type="stmt"/>
      <line num="20" count="0" type="stmt"/>
      <line num="21" count="0" type="stmt"/>
      <line num="22" count="0" type="stmt"/>
      <line num="24" count="35" type="stmt"/>
    </file>
    <file name="RelatedProducts.jsx" path="/home/schu96/FEC23/client/src/components/RelatedOutfits/RelatedProducts.jsx">
      <metrics statements="33" coveredstatements="23" conditionals="20" coveredconditionals="15" methods="12" coveredmethods="10"/>
      <line num="8" count="7" type="stmt"/>
      <line num="9" count="7" type="stmt"/>
      <line num="10" count="7" type="stmt"/>
      <line num="12" count="1" type="stmt"/>
      <line num="13" count="1" type="stmt"/>
      <line num="14" count="1" type="cond" truecount="1" falsecount="1"/>
      <line num="15" count="1" type="cond" truecount="1" falsecount="1"/>
      <line num="16" count="1" type="stmt"/>
      <line num="17" count="1" type="cond" truecount="1" falsecount="1"/>
      <line num="22" count="12" type="stmt"/>
      <line num="27" count="36" type="stmt"/>
      <line num="30" count="0" type="stmt"/>
      <line num="31" count="0" type="stmt"/>
      <line num="32" count="0" type="stmt"/>
      <line num="33" count="0" type="stmt"/>
      <line num="34" count="0" type="stmt"/>
      <line num="35" count="0" type="stmt"/>
      <line num="36" count="0" type="stmt"/>
      <line num="37" count="0" type="stmt"/>
      <line num="38" count="0" type="stmt"/>
      <line num="41" count="12" type="stmt"/>
      <line num="42" count="12" type="stmt"/>
      <line num="44" count="7" type="stmt"/>
      <line num="45" count="3" type="cond" truecount="1" falsecount="1"/>
      <line num="46" count="3" type="stmt"/>
      <line num="48" count="12" type="stmt"/>
      <line num="49" count="3" type="cond" truecount="1" falsecount="1"/>
      <line num="51" count="0" type="stmt"/>
      <line num="52" count="3" type="cond" truecount="2" falsecount="0"/>
      <line num="53" count="1" type="stmt"/>
      <line num="58" count="7" type="stmt"/>
      <line num="60" count="15" type="stmt"/>
      <line num="67" count="7" type="stmt"/>
    </file>
    <file name="RelatedStars.jsx" path="/home/schu96/FEC23/client/src/components/RelatedOutfits/RelatedStars.jsx">
      <metrics statements="11" coveredstatements="11" conditionals="4" coveredconditionals="2" methods="1" coveredmethods="1"/>
      <line num="3" count="1" type="stmt"/>
      <line num="4" count="7" type="stmt"/>
      <line num="5" count="7" type="stmt"/>
      <line num="6" count="7" type="cond" truecount="1" falsecount="1"/>
      <line num="7" count="7" type="stmt"/>
      <line num="8" count="35" type="stmt"/>
      <line num="9" count="35" type="stmt"/>
      <line num="12" count="7" type="stmt"/>
      <line num="13" count="7" type="stmt"/>
      <line num="15" count="7" type="cond" truecount="1" falsecount="1"/>
      <line num="16" count="7" type="stmt"/>
    </file>
  </project>
</coverage>
