{"/home/schu96/FEC23/client/src/components/RelatedOutfits/Modal.jsx": {"path":"/home/schu96/FEC23/client/src/components/RelatedOutfits/Modal.jsx","statementMap":{"0":{"start":{"line":5,"column":38},"end":{"line":5,"column":50}},"1":{"start":{"line":6,"column":2},"end":{"line":34,"column":13}},"2":{"start":{"line":7,"column":4},"end":{"line":33,"column":5}},"3":{"start":{"line":8,"column":21},"end":{"line":8,"column":45}},"4":{"start":{"line":9,"column":6},"end":{"line":14,"column":13}},"5":{"start":{"line":10,"column":8},"end":{"line":12,"column":9}},"6":{"start":{"line":11,"column":10},"end":{"line":11,"column":40}},"7":{"start":{"line":13,"column":8},"end":{"line":13,"column":19}},"8":{"start":{"line":15,"column":21},"end":{"line":30,"column":11}},"9":{"start":{"line":16,"column":8},"end":{"line":30,"column":9}},"10":{"start":{"line":18,"column":12},"end":{"line":20,"column":13}},"11":{"start":{"line":19,"column":14},"end":{"line":19,"column":62}},"12":{"start":{"line":21,"column":12},"end":{"line":21,"column":22}},"13":{"start":{"line":24,"column":12},"end":{"line":26,"column":13}},"14":{"start":{"line":25,"column":14},"end":{"line":25,"column":62}},"15":{"start":{"line":27,"column":12},"end":{"line":27,"column":22}},"16":{"start":{"line":31,"column":6},"end":{"line":31,"column":53}},"17":{"start":{"line":32,"column":6},"end":{"line":32,"column":28}},"18":{"start":{"line":37,"column":4},"end":{"line":52,"column":10}},"19":{"start":{"line":39,"column":8},"end":{"line":51,"column":13}},"20":{"start":{"line":55,"column":4},"end":{"line":55,"column":23}},"21":{"start":{"line":56,"column":4},"end":{"line":56,"column":54}},"22":{"start":{"line":57,"column":4},"end":{"line":57,"column":24}},"23":{"start":{"line":59,"column":2},"end":{"line":61,"column":3}},"24":{"start":{"line":60,"column":4},"end":{"line":60,"column":16}},"25":{"start":{"line":62,"column":2},"end":{"line":80,"column":4}}},"fnMap":{"0":{"name":"Modal","decl":{"start":{"line":4,"column":9},"end":{"line":4,"column":14}},"loc":{"start":{"line":4,"column":75},"end":{"line":81,"column":1}},"line":4},"1":{"name":"(anonymous_1)","decl":{"start":{"line":6,"column":12},"end":{"line":6,"column":13}},"loc":{"start":{"line":6,"column":18},"end":{"line":34,"column":3}},"line":6},"2":{"name":"(anonymous_2)","decl":{"start":{"line":9,"column":33},"end":{"line":9,"column":34}},"loc":{"start":{"line":9,"column":48},"end":{"line":14,"column":7}},"line":9},"3":{"name":"(anonymous_3)","decl":{"start":{"line":15,"column":34},"end":{"line":15,"column":35}},"loc":{"start":{"line":16,"column":8},"end":{"line":30,"column":9}},"line":16},"4":{"name":"(anonymous_4)","decl":{"start":{"line":17,"column":30},"end":{"line":17,"column":31}},"loc":{"start":{"line":17,"column":42},"end":{"line":22,"column":11}},"line":17},"5":{"name":"(anonymous_5)","decl":{"start":{"line":23,"column":32},"end":{"line":23,"column":33}},"loc":{"start":{"line":23,"column":44},"end":{"line":28,"column":11}},"line":23},"6":{"name":"makeFeat","decl":{"start":{"line":36,"column":11},"end":{"line":36,"column":19}},"loc":{"start":{"line":36,"column":22},"end":{"line":53,"column":3}},"line":36},"7":{"name":"(anonymous_7)","decl":{"start":{"line":38,"column":21},"end":{"line":38,"column":22}},"loc":{"start":{"line":39,"column":8},"end":{"line":51,"column":13}},"line":39},"8":{"name":"closeModal","decl":{"start":{"line":54,"column":11},"end":{"line":54,"column":21}},"loc":{"start":{"line":54,"column":25},"end":{"line":58,"column":3}},"line":54}},"branchMap":{"0":{"loc":{"start":{"line":7,"column":4},"end":{"line":33,"column":5}},"type":"if","locations":[{"start":{"line":7,"column":4},"end":{"line":33,"column":5}},{"start":{},"end":{}}],"line":7},"1":{"loc":{"start":{"line":7,"column":8},"end":{"line":7,"column":27}},"type":"binary-expr","locations":[{"start":{"line":7,"column":8},"end":{"line":7,"column":15}},{"start":{"line":7,"column":19},"end":{"line":7,"column":27}}],"line":7},"2":{"loc":{"start":{"line":10,"column":8},"end":{"line":12,"column":9}},"type":"if","locations":[{"start":{"line":10,"column":8},"end":{"line":12,"column":9}},{"start":{},"end":{}}],"line":10},"3":{"loc":{"start":{"line":18,"column":12},"end":{"line":20,"column":13}},"type":"if","locations":[{"start":{"line":18,"column":12},"end":{"line":20,"column":13}},{"start":{},"end":{}}],"line":18},"4":{"loc":{"start":{"line":19,"column":28},"end":{"line":19,"column":60}},"type":"cond-expr","locations":[{"start":{"line":19,"column":47},"end":{"line":19,"column":50}},{"start":{"line":19,"column":53},"end":{"line":19,"column":60}}],"line":19},"5":{"loc":{"start":{"line":24,"column":12},"end":{"line":26,"column":13}},"type":"if","locations":[{"start":{"line":24,"column":12},"end":{"line":26,"column":13}},{"start":{},"end":{}}],"line":24},"6":{"loc":{"start":{"line":25,"column":28},"end":{"line":25,"column":60}},"type":"cond-expr","locations":[{"start":{"line":25,"column":47},"end":{"line":25,"column":50}},{"start":{"line":25,"column":53},"end":{"line":25,"column":60}}],"line":25},"7":{"loc":{"start":{"line":41,"column":13},"end":{"line":43,"column":23}},"type":"cond-expr","locations":[{"start":{"line":41,"column":32},"end":{"line":41,"column":36}},{"start":{"line":42,"column":12},"end":{"line":43,"column":23}}],"line":41},"8":{"loc":{"start":{"line":42,"column":12},"end":{"line":43,"column":23}},"type":"cond-expr","locations":[{"start":{"line":42,"column":45},"end":{"line":42,"column":48}},{"start":{"line":43,"column":14},"end":{"line":43,"column":23}}],"line":42},"9":{"loc":{"start":{"line":47,"column":13},"end":{"line":49,"column":22}},"type":"cond-expr","locations":[{"start":{"line":47,"column":31},"end":{"line":47,"column":35}},{"start":{"line":48,"column":12},"end":{"line":49,"column":22}}],"line":47},"10":{"loc":{"start":{"line":48,"column":12},"end":{"line":49,"column":22}},"type":"cond-expr","locations":[{"start":{"line":48,"column":44},"end":{"line":48,"column":47}},{"start":{"line":49,"column":14},"end":{"line":49,"column":22}}],"line":48},"11":{"loc":{"start":{"line":59,"column":2},"end":{"line":61,"column":3}},"type":"if","locations":[{"start":{"line":59,"column":2},"end":{"line":61,"column":3}},{"start":{},"end":{}}],"line":59}},"s":{"0":8,"1":8,"2":4,"3":0,"4":0,"5":0,"6":0,"7":0,"8":0,"9":0,"10":0,"11":0,"12":0,"13":0,"14":0,"15":0,"16":0,"17":0,"18":0,"19":0,"20":0,"21":0,"22":0,"23":8,"24":8,"25":0},"f":{"0":8,"1":4,"2":0,"3":0,"4":0,"5":0,"6":0,"7":0,"8":0},"b":{"0":[0,4],"1":[4,0],"2":[0,0],"3":[0,0],"4":[0,0],"5":[0,0],"6":[0,0],"7":[0,0],"8":[0,0],"9":[0,0],"10":[0,0],"11":[8,0]},"_coverageSchema":"1a1c01bbd47fc00a2c39e90264f33305004495a9","hash":"9015c4e63b79a100089ebde9d38f9adc4a438e5e"}
,"/home/schu96/FEC23/client/src/components/RelatedOutfits/OutfitCards.jsx": {"path":"/home/schu96/FEC23/client/src/components/RelatedOutfits/OutfitCards.jsx","statementMap":{"0":{"start":{"line":6,"column":34},"end":{"line":6,"column":46}},"1":{"start":{"line":7,"column":2},"end":{"line":16,"column":16}},"2":{"start":{"line":8,"column":17},"end":{"line":8,"column":32}},"3":{"start":{"line":9,"column":4},"end":{"line":9,"column":25}},"4":{"start":{"line":10,"column":4},"end":{"line":10,"column":37}},"5":{"start":{"line":11,"column":4},"end":{"line":11,"column":29}},"6":{"start":{"line":12,"column":4},"end":{"line":12,"column":31}},"7":{"start":{"line":13,"column":4},"end":{"line":13,"column":33}},"8":{"start":{"line":14,"column":4},"end":{"line":14,"column":39}},"9":{"start":{"line":15,"column":4},"end":{"line":15,"column":22}},"10":{"start":{"line":19,"column":4},"end":{"line":19,"column":24}},"11":{"start":{"line":20,"column":4},"end":{"line":20,"column":23}},"12":{"start":{"line":21,"column":17},"end":{"line":21,"column":60}},"13":{"start":{"line":22,"column":19},"end":{"line":22,"column":65}},"14":{"start":{"line":22,"column":41},"end":{"line":22,"column":64}},"15":{"start":{"line":23,"column":4},"end":{"line":23,"column":60}},"16":{"start":{"line":24,"column":4},"end":{"line":24,"column":20}},"17":{"start":{"line":25,"column":4},"end":{"line":25,"column":25}},"18":{"start":{"line":26,"column":4},"end":{"line":26,"column":21}},"19":{"start":{"line":28,"column":2},"end":{"line":51,"column":4}}},"fnMap":{"0":{"name":"OutfitCards","decl":{"start":{"line":5,"column":9},"end":{"line":5,"column":20}},"loc":{"start":{"line":5,"column":66},"end":{"line":52,"column":1}},"line":5},"1":{"name":"(anonymous_1)","decl":{"start":{"line":7,"column":12},"end":{"line":7,"column":13}},"loc":{"start":{"line":7,"column":18},"end":{"line":16,"column":3}},"line":7},"2":{"name":"clickExit","decl":{"start":{"line":18,"column":11},"end":{"line":18,"column":20}},"loc":{"start":{"line":18,"column":24},"end":{"line":27,"column":3}},"line":18},"3":{"name":"(anonymous_3)","decl":{"start":{"line":22,"column":31},"end":{"line":22,"column":32}},"loc":{"start":{"line":22,"column":41},"end":{"line":22,"column":64}},"line":22}},"branchMap":{"0":{"loc":{"start":{"line":34,"column":9},"end":{"line":36,"column":76}},"type":"cond-expr","locations":[{"start":{"line":35,"column":12},"end":{"line":35,"column":51}},{"start":{"line":36,"column":12},"end":{"line":36,"column":76}}],"line":34},"1":{"loc":{"start":{"line":40,"column":11},"end":{"line":40,"column":69}},"type":"cond-expr","locations":[{"start":{"line":40,"column":31},"end":{"line":40,"column":62}},{"start":{"line":40,"column":65},"end":{"line":40,"column":69}}],"line":40},"2":{"loc":{"start":{"line":48,"column":9},"end":{"line":48,"column":75}},"type":"cond-expr","locations":[{"start":{"line":48,"column":27},"end":{"line":48,"column":68}},{"start":{"line":48,"column":71},"end":{"line":48,"column":75}}],"line":48}},"s":{"0":0,"1":0,"2":0,"3":0,"4":0,"5":0,"6":0,"7":0,"8":0,"9":0,"10":0,"11":0,"12":0,"13":0,"14":0,"15":0,"16":0,"17":0,"18":0,"19":0},"f":{"0":0,"1":0,"2":0,"3":0},"b":{"0":[0,0],"1":[0,0],"2":[0,0]},"_coverageSchema":"1a1c01bbd47fc00a2c39e90264f33305004495a9","hash":"e2aec7588bd17e5a0505ebf175d05d4e18a1db72"}
,"/home/schu96/FEC23/client/src/components/RelatedOutfits/Outfits.jsx": {"path":"/home/schu96/FEC23/client/src/components/RelatedOutfits/Outfits.jsx","statementMap":{"0":{"start":{"line":5,"column":28},"end":{"line":5,"column":40}},"1":{"start":{"line":6,"column":38},"end":{"line":6,"column":53}},"2":{"start":{"line":7,"column":42},"end":{"line":7,"column":53}},"3":{"start":{"line":8,"column":2},"end":{"line":13,"column":30}},"4":{"start":{"line":9,"column":4},"end":{"line":12,"column":5}},"5":{"start":{"line":10,"column":25},"end":{"line":10,"column":68}},"6":{"start":{"line":11,"column":6},"end":{"line":11,"column":27}},"7":{"start":{"line":14,"column":2},"end":{"line":18,"column":14}},"8":{"start":{"line":15,"column":4},"end":{"line":17,"column":5}},"9":{"start":{"line":15,"column":29},"end":{"line":15,"column":51}},"10":{"start":{"line":16,"column":6},"end":{"line":16,"column":26}},"11":{"start":{"line":20,"column":17},"end":{"line":27,"column":5}},"12":{"start":{"line":28,"column":4},"end":{"line":28,"column":16}},"13":{"start":{"line":31,"column":4},"end":{"line":31,"column":23}},"14":{"start":{"line":32,"column":20},"end":{"line":32,"column":58}},"15":{"start":{"line":33,"column":20},"end":{"line":33,"column":63}},"16":{"start":{"line":34,"column":4},"end":{"line":34,"column":29}},"17":{"start":{"line":35,"column":4},"end":{"line":35,"column":22}},"18":{"start":{"line":36,"column":4},"end":{"line":36,"column":61}},"19":{"start":{"line":39,"column":4},"end":{"line":39,"column":23}},"20":{"start":{"line":40,"column":15},"end":{"line":40,"column":27}},"21":{"start":{"line":41,"column":4},"end":{"line":41,"column":59}},"22":{"start":{"line":41,"column":47},"end":{"line":41,"column":57}},"23":{"start":{"line":42,"column":4},"end":{"line":42,"column":60}},"24":{"start":{"line":42,"column":48},"end":{"line":42,"column":58}},"25":{"start":{"line":43,"column":4},"end":{"line":43,"column":26}},"26":{"start":{"line":46,"column":4},"end":{"line":50,"column":7}},"27":{"start":{"line":47,"column":6},"end":{"line":49,"column":12}},"28":{"start":{"line":52,"column":2},"end":{"line":71,"column":4}}},"fnMap":{"0":{"name":"Outfits","decl":{"start":{"line":4,"column":9},"end":{"line":4,"column":16}},"loc":{"start":{"line":4,"column":49},"end":{"line":72,"column":1}},"line":4},"1":{"name":"(anonymous_1)","decl":{"start":{"line":8,"column":12},"end":{"line":8,"column":13}},"loc":{"start":{"line":8,"column":18},"end":{"line":13,"column":3}},"line":8},"2":{"name":"(anonymous_2)","decl":{"start":{"line":14,"column":12},"end":{"line":14,"column":13}},"loc":{"start":{"line":14,"column":18},"end":{"line":18,"column":3}},"line":14},"3":{"name":"(anonymous_3)","decl":{"start":{"line":15,"column":19},"end":{"line":15,"column":20}},"loc":{"start":{"line":15,"column":29},"end":{"line":15,"column":51}},"line":15},"4":{"name":"createItem","decl":{"start":{"line":19,"column":11},"end":{"line":19,"column":21}},"loc":{"start":{"line":19,"column":39},"end":{"line":29,"column":3}},"line":19},"5":{"name":"clickHandler","decl":{"start":{"line":30,"column":11},"end":{"line":30,"column":23}},"loc":{"start":{"line":30,"column":27},"end":{"line":37,"column":3}},"line":30},"6":{"name":"arrowClick","decl":{"start":{"line":38,"column":11},"end":{"line":38,"column":21}},"loc":{"start":{"line":38,"column":25},"end":{"line":44,"column":3}},"line":38},"7":{"name":"createOutfitsCard","decl":{"start":{"line":45,"column":11},"end":{"line":45,"column":28}},"loc":{"start":{"line":45,"column":34},"end":{"line":51,"column":3}},"line":45},"8":{"name":"(anonymous_8)","decl":{"start":{"line":46,"column":19},"end":{"line":46,"column":20}},"loc":{"start":{"line":47,"column":6},"end":{"line":49,"column":12}},"line":47}},"branchMap":{"0":{"loc":{"start":{"line":9,"column":4},"end":{"line":12,"column":5}},"type":"if","locations":[{"start":{"line":9,"column":4},"end":{"line":12,"column":5}},{"start":{},"end":{}}],"line":9},"1":{"loc":{"start":{"line":15,"column":4},"end":{"line":17,"column":5}},"type":"if","locations":[{"start":{"line":15,"column":4},"end":{"line":17,"column":5}},{"start":{},"end":{}}],"line":15},"2":{"loc":{"start":{"line":41,"column":4},"end":{"line":41,"column":59}},"type":"if","locations":[{"start":{"line":41,"column":4},"end":{"line":41,"column":59}},{"start":{},"end":{}}],"line":41},"3":{"loc":{"start":{"line":42,"column":4},"end":{"line":42,"column":60}},"type":"if","locations":[{"start":{"line":42,"column":4},"end":{"line":42,"column":60}},{"start":{},"end":{}}],"line":42},"4":{"loc":{"start":{"line":54,"column":8},"end":{"line":56,"column":14}},"type":"cond-expr","locations":[{"start":{"line":55,"column":10},"end":{"line":55,"column":90}},{"start":{"line":56,"column":10},"end":{"line":56,"column":14}}],"line":54},"5":{"loc":{"start":{"line":54,"column":8},"end":{"line":54,"column":47}},"type":"binary-expr","locations":[{"start":{"line":54,"column":8},"end":{"line":54,"column":26}},{"start":{"line":54,"column":30},"end":{"line":54,"column":47}}],"line":54},"6":{"loc":{"start":{"line":57,"column":8},"end":{"line":65,"column":14}},"type":"cond-expr","locations":[{"start":{"line":59,"column":10},"end":{"line":63,"column":19}},{"start":{"line":65,"column":10},"end":{"line":65,"column":14}}],"line":57},"7":{"loc":{"start":{"line":66,"column":8},"end":{"line":68,"column":14}},"type":"cond-expr","locations":[{"start":{"line":67,"column":10},"end":{"line":67,"column":92}},{"start":{"line":68,"column":10},"end":{"line":68,"column":14}}],"line":66},"8":{"loc":{"start":{"line":66,"column":8},"end":{"line":66,"column":62}},"type":"binary-expr","locations":[{"start":{"line":66,"column":8},"end":{"line":66,"column":41}},{"start":{"line":66,"column":45},"end":{"line":66,"column":62}}],"line":66}},"s":{"0":2,"1":2,"2":2,"3":2,"4":1,"5":0,"6":0,"7":2,"8":1,"9":0,"10":0,"11":0,"12":0,"13":0,"14":0,"15":0,"16":0,"17":0,"18":0,"19":0,"20":0,"21":0,"22":0,"23":0,"24":0,"25":0,"26":2,"27":0,"28":2},"f":{"0":2,"1":1,"2":1,"3":0,"4":0,"5":0,"6":0,"7":2,"8":0},"b":{"0":[0,1],"1":[0,1],"2":[0,0],"3":[0,0],"4":[0,2],"5":[2,0],"6":[2,0],"7":[0,2],"8":[2,2]},"_coverageSchema":"1a1c01bbd47fc00a2c39e90264f33305004495a9","hash":"7fb775c7580398177d8dc29928d87e9834aa4484"}
,"/home/schu96/FEC23/client/src/components/RelatedOutfits/RelatedCards.jsx": {"path":"/home/schu96/FEC23/client/src/components/RelatedOutfits/RelatedCards.jsx","statementMap":{"0":{"start":{"line":7,"column":34},"end":{"line":7,"column":46}},"1":{"start":{"line":8,"column":36},"end":{"line":8,"column":51}},"2":{"start":{"line":10,"column":2},"end":{"line":12,"column":25}},"3":{"start":{"line":11,"column":4},"end":{"line":11,"column":25}},"4":{"start":{"line":15,"column":4},"end":{"line":15,"column":24}},"5":{"start":{"line":16,"column":4},"end":{"line":16,"column":23}},"6":{"start":{"line":17,"column":4},"end":{"line":17,"column":29}},"7":{"start":{"line":20,"column":4},"end":{"line":20,"column":24}},"8":{"start":{"line":21,"column":4},"end":{"line":21,"column":23}},"9":{"start":{"line":22,"column":4},"end":{"line":22,"column":36}},"10":{"start":{"line":24,"column":2},"end":{"line":52,"column":4}}},"fnMap":{"0":{"name":"RelatedCards","decl":{"start":{"line":6,"column":9},"end":{"line":6,"column":21}},"loc":{"start":{"line":6,"column":65},"end":{"line":53,"column":1}},"line":6},"1":{"name":"(anonymous_1)","decl":{"start":{"line":10,"column":12},"end":{"line":10,"column":13}},"loc":{"start":{"line":10,"column":18},"end":{"line":12,"column":3}},"line":10},"2":{"name":"clickModal","decl":{"start":{"line":14,"column":11},"end":{"line":14,"column":21}},"loc":{"start":{"line":14,"column":25},"end":{"line":18,"column":3}},"line":14},"3":{"name":"clickNav","decl":{"start":{"line":19,"column":11},"end":{"line":19,"column":19}},"loc":{"start":{"line":19,"column":23},"end":{"line":23,"column":3}},"line":19}},"branchMap":{"0":{"loc":{"start":{"line":33,"column":9},"end":{"line":35,"column":76}},"type":"cond-expr","locations":[{"start":{"line":34,"column":12},"end":{"line":34,"column":51}},{"start":{"line":35,"column":12},"end":{"line":35,"column":76}}],"line":33},"1":{"loc":{"start":{"line":39,"column":11},"end":{"line":39,"column":69}},"type":"cond-expr","locations":[{"start":{"line":39,"column":31},"end":{"line":39,"column":62}},{"start":{"line":39,"column":65},"end":{"line":39,"column":69}}],"line":39},"2":{"loc":{"start":{"line":48,"column":11},"end":{"line":48,"column":77}},"type":"cond-expr","locations":[{"start":{"line":48,"column":29},"end":{"line":48,"column":70}},{"start":{"line":48,"column":73},"end":{"line":48,"column":77}}],"line":48}},"s":{"0":8,"1":8,"2":8,"3":4,"4":0,"5":0,"6":0,"7":0,"8":0,"9":0,"10":8},"f":{"0":8,"1":4,"2":0,"3":0},"b":{"0":[0,8],"1":[0,8],"2":[0,8]},"_coverageSchema":"1a1c01bbd47fc00a2c39e90264f33305004495a9","hash":"e28918386168aca78b1d8130409191b02c3ff077"}
,"/home/schu96/FEC23/client/src/components/RelatedOutfits/RelatedProducts.jsx": {"path":"/home/schu96/FEC23/client/src/components/RelatedOutfits/RelatedProducts.jsx","statementMap":{"0":{"start":{"line":8,"column":38},"end":{"line":8,"column":50}},"1":{"start":{"line":9,"column":32},"end":{"line":9,"column":44}},"2":{"start":{"line":10,"column":42},"end":{"line":10,"column":53}},"3":{"start":{"line":12,"column":4},"end":{"line":12,"column":23}},"4":{"start":{"line":13,"column":15},"end":{"line":13,"column":27}},"5":{"start":{"line":14,"column":4},"end":{"line":14,"column":59}},"6":{"start":{"line":14,"column":47},"end":{"line":14,"column":57}},"7":{"start":{"line":15,"column":4},"end":{"line":15,"column":58}},"8":{"start":{"line":15,"column":46},"end":{"line":15,"column":56}},"9":{"start":{"line":16,"column":4},"end":{"line":16,"column":26}},"10":{"start":{"line":17,"column":4},"end":{"line":19,"column":19}},"11":{"start":{"line":22,"column":22},"end":{"line":26,"column":5}},"12":{"start":{"line":27,"column":16},"end":{"line":41,"column":27}},"13":{"start":{"line":27,"column":62},"end":{"line":27,"column":81}},"14":{"start":{"line":30,"column":22},"end":{"line":30,"column":24}},"15":{"start":{"line":31,"column":10},"end":{"line":31,"column":32}},"16":{"start":{"line":32,"column":10},"end":{"line":32,"column":44}},"17":{"start":{"line":33,"column":10},"end":{"line":33,"column":36}},"18":{"start":{"line":34,"column":10},"end":{"line":34,"column":46}},"19":{"start":{"line":35,"column":10},"end":{"line":35,"column":44}},"20":{"start":{"line":36,"column":10},"end":{"line":36,"column":36}},"21":{"start":{"line":37,"column":10},"end":{"line":37,"column":73}},"22":{"start":{"line":38,"column":10},"end":{"line":38,"column":21}},"23":{"start":{"line":41,"column":22},"end":{"line":41,"column":25}},"24":{"start":{"line":42,"column":4},"end":{"line":42,"column":15}},"25":{"start":{"line":44,"column":2},"end":{"line":56,"column":11}},"26":{"start":{"line":45,"column":4},"end":{"line":55,"column":5}},"27":{"start":{"line":46,"column":6},"end":{"line":51,"column":56}},"28":{"start":{"line":48,"column":10},"end":{"line":48,"column":91}},"29":{"start":{"line":48,"column":70},"end":{"line":48,"column":87}},"30":{"start":{"line":49,"column":10},"end":{"line":49,"column":103}},"31":{"start":{"line":49,"column":38},"end":{"line":49,"column":57}},"32":{"start":{"line":49,"column":67},"end":{"line":49,"column":101}},"33":{"start":{"line":51,"column":21},"end":{"line":51,"column":54}},"34":{"start":{"line":52,"column":6},"end":{"line":54,"column":7}},"35":{"start":{"line":53,"column":8},"end":{"line":53,"column":60}},"36":{"start":{"line":58,"column":4},"end":{"line":64,"column":6}},"37":{"start":{"line":60,"column":8},"end":{"line":62,"column":14}},"38":{"start":{"line":67,"column":2},"end":{"line":79,"column":4}}},"fnMap":{"0":{"name":"RelatedProducts","decl":{"start":{"line":7,"column":9},"end":{"line":7,"column":24}},"loc":{"start":{"line":7,"column":73},"end":{"line":80,"column":1}},"line":7},"1":{"name":"arrowHandler","decl":{"start":{"line":11,"column":11},"end":{"line":11,"column":23}},"loc":{"start":{"line":11,"column":27},"end":{"line":20,"column":3}},"line":11},"2":{"name":"getInfo","decl":{"start":{"line":21,"column":17},"end":{"line":21,"column":24}},"loc":{"start":{"line":21,"column":32},"end":{"line":43,"column":3}},"line":21},"3":{"name":"(anonymous_3)","decl":{"start":{"line":27,"column":48},"end":{"line":27,"column":49}},"loc":{"start":{"line":27,"column":62},"end":{"line":27,"column":81}},"line":27},"4":{"name":"(anonymous_4)","decl":{"start":{"line":29,"column":21},"end":{"line":29,"column":22}},"loc":{"start":{"line":29,"column":48},"end":{"line":39,"column":9}},"line":29},"5":{"name":"(anonymous_5)","decl":{"start":{"line":41,"column":12},"end":{"line":41,"column":13}},"loc":{"start":{"line":41,"column":22},"end":{"line":41,"column":25}},"line":41},"6":{"name":"(anonymous_6)","decl":{"start":{"line":44,"column":12},"end":{"line":44,"column":13}},"loc":{"start":{"line":44,"column":18},"end":{"line":56,"column":3}},"line":44},"7":{"name":"(anonymous_7)","decl":{"start":{"line":47,"column":14},"end":{"line":47,"column":15}},"loc":{"start":{"line":47,"column":30},"end":{"line":50,"column":9}},"line":47},"8":{"name":"(anonymous_8)","decl":{"start":{"line":48,"column":56},"end":{"line":48,"column":57}},"loc":{"start":{"line":48,"column":70},"end":{"line":48,"column":87}},"line":48},"9":{"name":"(anonymous_9)","decl":{"start":{"line":51,"column":15},"end":{"line":51,"column":16}},"loc":{"start":{"line":51,"column":21},"end":{"line":51,"column":54}},"line":51},"10":{"name":"cards","decl":{"start":{"line":57,"column":11},"end":{"line":57,"column":16}},"loc":{"start":{"line":57,"column":19},"end":{"line":65,"column":3}},"line":57},"11":{"name":"(anonymous_11)","decl":{"start":{"line":59,"column":51},"end":{"line":59,"column":52}},"loc":{"start":{"line":60,"column":8},"end":{"line":62,"column":14}},"line":60}},"branchMap":{"0":{"loc":{"start":{"line":14,"column":4},"end":{"line":14,"column":59}},"type":"if","locations":[{"start":{"line":14,"column":4},"end":{"line":14,"column":59}},{"start":{},"end":{}}],"line":14},"1":{"loc":{"start":{"line":15,"column":4},"end":{"line":15,"column":58}},"type":"if","locations":[{"start":{"line":15,"column":4},"end":{"line":15,"column":58}},{"start":{},"end":{}}],"line":15},"2":{"loc":{"start":{"line":17,"column":22},"end":{"line":19,"column":16}},"type":"cond-expr","locations":[{"start":{"line":18,"column":8},"end":{"line":18,"column":25}},{"start":{"line":19,"column":8},"end":{"line":19,"column":16}}],"line":17},"3":{"loc":{"start":{"line":45,"column":4},"end":{"line":55,"column":5}},"type":"if","locations":[{"start":{"line":45,"column":4},"end":{"line":55,"column":5}},{"start":{},"end":{}}],"line":45},"4":{"loc":{"start":{"line":49,"column":10},"end":{"line":49,"column":103}},"type":"if","locations":[{"start":{"line":49,"column":10},"end":{"line":49,"column":103}},{"start":{"line":49,"column":65},"end":{"line":49,"column":103}}],"line":49},"5":{"loc":{"start":{"line":52,"column":6},"end":{"line":54,"column":7}},"type":"if","locations":[{"start":{"line":52,"column":6},"end":{"line":54,"column":7}},{"start":{},"end":{}}],"line":52},"6":{"loc":{"start":{"line":70,"column":8},"end":{"line":70,"column":141}},"type":"cond-expr","locations":[{"start":{"line":70,"column":56},"end":{"line":70,"column":134}},{"start":{"line":70,"column":137},"end":{"line":70,"column":141}}],"line":70},"7":{"loc":{"start":{"line":70,"column":8},"end":{"line":70,"column":53}},"type":"binary-expr","locations":[{"start":{"line":70,"column":8},"end":{"line":70,"column":26}},{"start":{"line":70,"column":30},"end":{"line":70,"column":53}}],"line":70},"8":{"loc":{"start":{"line":74,"column":8},"end":{"line":74,"column":154}},"type":"cond-expr","locations":[{"start":{"line":74,"column":68},"end":{"line":74,"column":147}},{"start":{"line":74,"column":150},"end":{"line":74,"column":154}}],"line":74},"9":{"loc":{"start":{"line":74,"column":8},"end":{"line":74,"column":65}},"type":"binary-expr","locations":[{"start":{"line":74,"column":8},"end":{"line":74,"column":46}},{"start":{"line":74,"column":50},"end":{"line":74,"column":65}}],"line":74}},"s":{"0":2,"1":2,"2":2,"3":0,"4":0,"5":0,"6":0,"7":0,"8":0,"9":0,"10":0,"11":4,"12":4,"13":12,"14":0,"15":0,"16":0,"17":0,"18":0,"19":0,"20":0,"21":0,"22":0,"23":4,"24":4,"25":2,"26":1,"27":1,"28":1,"29":4,"30":1,"31":0,"32":1,"33":0,"34":1,"35":1,"36":2,"37":4,"38":2},"f":{"0":2,"1":0,"2":4,"3":12,"4":0,"5":4,"6":1,"7":1,"8":4,"9":0,"10":2,"11":4},"b":{"0":[0,0],"1":[0,0],"2":[0,0],"3":[1,0],"4":[0,1],"5":[1,0],"6":[0,2],"7":[2,0],"8":[1,1],"9":[2,2]},"_coverageSchema":"1a1c01bbd47fc00a2c39e90264f33305004495a9","hash":"1e2b516e085dc2b6c64ff3c946c4ef19494d5b2b"}
,"/home/schu96/FEC23/client/src/components/RelatedOutfits/RelatedStars.jsx": {"path":"/home/schu96/FEC23/client/src/components/RelatedOutfits/RelatedStars.jsx","statementMap":{"0":{"start":{"line":3,"column":21},"end":{"line":40,"column":1}},"1":{"start":{"line":4,"column":20},"end":{"line":4,"column":21}},"2":{"start":{"line":5,"column":14},"end":{"line":5,"column":15}},"3":{"start":{"line":6,"column":2},"end":{"line":11,"column":3}},"4":{"start":{"line":7,"column":4},"end":{"line":10,"column":5}},"5":{"start":{"line":8,"column":6},"end":{"line":8,"column":51}},"6":{"start":{"line":9,"column":6},"end":{"line":9,"column":47}},"7":{"start":{"line":12,"column":18},"end":{"line":12,"column":70}},"8":{"start":{"line":13,"column":21},"end":{"line":13,"column":40}},"9":{"start":{"line":15,"column":2},"end":{"line":38,"column":3}},"10":{"start":{"line":16,"column":4},"end":{"line":37,"column":5}}},"fnMap":{"0":{"name":"(anonymous_0)","decl":{"start":{"line":3,"column":21},"end":{"line":3,"column":22}},"loc":{"start":{"line":3,"column":37},"end":{"line":40,"column":1}},"line":3}},"branchMap":{"0":{"loc":{"start":{"line":6,"column":2},"end":{"line":11,"column":3}},"type":"if","locations":[{"start":{"line":6,"column":2},"end":{"line":11,"column":3}},{"start":{},"end":{}}],"line":6},"1":{"loc":{"start":{"line":15,"column":2},"end":{"line":38,"column":3}},"type":"if","locations":[{"start":{"line":15,"column":2},"end":{"line":38,"column":3}},{"start":{},"end":{}}],"line":15}},"s":{"0":1,"1":0,"2":0,"3":0,"4":0,"5":0,"6":0,"7":0,"8":0,"9":0,"10":0},"f":{"0":0},"b":{"0":[0,0],"1":[0,0]},"_coverageSchema":"1a1c01bbd47fc00a2c39e90264f33305004495a9","hash":"1559e03f59d5554a7b9cc7d1da0a7d8e4bde203c"}
}
