TN:
SF:client/src/components/RelatedOutfits/Modal.jsx
FN:4,Modal
FN:6,(anonymous_1)
FN:9,(anonymous_2)
FN:15,(anonymous_3)
FN:17,(anonymous_4)
FN:23,(anonymous_5)
FN:36,makeFeat
FN:38,(anonymous_7)
FN:54,closeModal
FNF:9
FNH:2
FNDA:30,Modal
FNDA:12,(anonymous_1)
FNDA:0,(anonymous_2)
FNDA:0,(anonymous_3)
FNDA:0,(anonymous_4)
FNDA:0,(anonymous_5)
FNDA:0,makeFeat
FNDA:0,(anonymous_7)
FNDA:0,closeModal
DA:5,30
DA:6,30
DA:7,12
DA:8,0
DA:9,0
DA:10,0
DA:11,0
DA:13,0
DA:15,0
DA:16,0
DA:18,0
DA:19,0
DA:21,0
DA:24,0
DA:25,0
DA:27,0
DA:31,0
DA:32,0
DA:37,0
DA:39,0
DA:55,0
DA:56,0
DA:57,0
DA:59,30
DA:60,30
DA:62,0
LF:26
LH:5
BRDA:7,0,0,0
BRDA:7,0,1,12
BRDA:7,1,0,12
BRDA:7,1,1,0
BRDA:10,2,0,0
BRDA:10,2,1,0
BRDA:18,3,0,0
BRDA:18,3,1,0
BRDA:19,4,0,0
BRDA:19,4,1,0
BRDA:24,5,0,0
BRDA:24,5,1,0
BRDA:25,6,0,0
BRDA:25,6,1,0
BRDA:41,7,0,0
BRDA:41,7,1,0
BRDA:42,8,0,0
BRDA:42,8,1,0
BRDA:47,9,0,0
BRDA:47,9,1,0
BRDA:48,10,0,0
BRDA:48,10,1,0
BRDA:59,11,0,30
BRDA:59,11,1,0
BRF:24
BRH:3
end_of_record
TN:
SF:client/src/components/RelatedOutfits/OutfitCards.jsx
FN:5,OutfitCards
FN:7,(anonymous_1)
FN:18,clickExit
FN:22,(anonymous_3)
FNF:4
FNH:0
FNDA:0,OutfitCards
FNDA:0,(anonymous_1)
FNDA:0,clickExit
FNDA:0,(anonymous_3)
DA:6,0
DA:7,0
DA:8,0
DA:9,0
DA:10,0
DA:11,0
DA:12,0
DA:13,0
DA:14,0
DA:15,0
DA:19,0
DA:20,0
DA:21,0
DA:22,0
DA:23,0
DA:24,0
DA:25,0
DA:26,0
DA:28,0
LF:19
LH:0
BRDA:34,0,0,0
BRDA:34,0,1,0
BRDA:40,1,0,0
BRDA:40,1,1,0
BRDA:48,2,0,0
BRDA:48,2,1,0
BRF:6
BRH:0
end_of_record
TN:
SF:client/src/components/RelatedOutfits/Outfits.jsx
FN:4,Outfits
FN:8,(anonymous_1)
FN:14,(anonymous_2)
FN:15,(anonymous_3)
FN:19,createItem
FN:30,clickHandler
FN:38,arrowClick
FN:45,createOutfitsCard
FN:46,(anonymous_8)
FNF:9
FNH:4
FNDA:9,Outfits
FNDA:3,(anonymous_1)
FNDA:5,(anonymous_2)
FNDA:0,(anonymous_3)
FNDA:0,createItem
FNDA:0,clickHandler
FNDA:0,arrowClick
FNDA:9,createOutfitsCard
FNDA:0,(anonymous_8)
DA:5,9
DA:6,9
DA:7,9
DA:8,9
DA:9,3
DA:10,2
DA:11,2
DA:14,9
DA:15,5
DA:16,0
DA:20,0
DA:28,0
DA:31,0
DA:32,0
DA:33,0
DA:34,0
DA:35,0
DA:36,0
DA:39,0
DA:40,0
DA:41,0
DA:42,0
DA:43,0
DA:46,9
DA:47,0
DA:52,9
LF:26
LH:11
BRDA:9,0,0,2
BRDA:9,0,1,1
BRDA:15,1,0,0
BRDA:15,1,1,5
BRDA:41,2,0,0
BRDA:41,2,1,0
BRDA:42,3,0,0
BRDA:42,3,1,0
BRDA:54,4,0,0
BRDA:54,4,1,9
BRDA:54,5,0,9
BRDA:54,5,1,0
BRDA:57,6,0,9
BRDA:57,6,1,0
BRDA:66,7,0,0
BRDA:66,7,1,9
BRDA:66,8,0,9
BRDA:66,8,1,9
BRF:18
BRH:9
end_of_record
TN:
SF:client/src/components/RelatedOutfits/RelatedCards.jsx
FN:6,RelatedCards
FN:10,(anonymous_1)
FN:14,clickModal
FN:19,clickNav
FNF:4
FNH:2
FNDA:30,RelatedCards
FNDA:15,(anonymous_1)
FNDA:0,clickModal
FNDA:0,clickNav
DA:7,30
DA:8,30
DA:10,30
DA:11,15
DA:15,0
DA:16,0
DA:17,0
DA:20,0
DA:21,0
DA:22,0
DA:24,30
LF:11
LH:5
BRDA:33,0,0,0
BRDA:33,0,1,30
BRDA:39,1,0,0
BRDA:39,1,1,30
BRDA:48,2,0,0
BRDA:48,2,1,30
BRF:6
BRH:3
end_of_record
TN:
SF:client/src/components/RelatedOutfits/RelatedProducts.jsx
FN:7,RelatedProducts
FN:11,arrowHandler
FN:21,getInfo
FN:27,(anonymous_3)
FN:29,(anonymous_4)
FN:41,(anonymous_5)
FN:44,(anonymous_6)
FN:47,(anonymous_7)
FN:48,(anonymous_8)
FN:51,(anonymous_9)
FN:57,cards
FN:59,(anonymous_11)
FNF:12
FNH:10
FNDA:7,RelatedProducts
FNDA:1,arrowHandler
FNDA:12,getInfo
FNDA:36,(anonymous_3)
FNDA:0,(anonymous_4)
FNDA:12,(anonymous_5)
FNDA:3,(anonymous_6)
FNDA:3,(anonymous_7)
FNDA:12,(anonymous_8)
FNDA:0,(anonymous_9)
FNDA:7,cards
FNDA:15,(anonymous_11)
DA:8,7
DA:9,7
DA:10,7
DA:12,1
DA:13,1
DA:14,1
DA:15,1
DA:16,1
DA:17,1
DA:22,12
DA:27,36
DA:30,0
DA:31,0
DA:32,0
DA:33,0
DA:34,0
DA:35,0
DA:36,0
DA:37,0
DA:38,0
DA:41,12
DA:42,12
DA:44,7
DA:45,3
DA:46,3
DA:48,12
DA:49,3
DA:51,0
DA:52,3
DA:53,1
DA:58,7
DA:60,15
DA:67,7
LF:33
LH:23
BRDA:14,0,0,1
BRDA:14,0,1,0
BRDA:15,1,0,0
BRDA:15,1,1,1
BRDA:17,2,0,1
BRDA:17,2,1,0
BRDA:45,3,0,3
BRDA:45,3,1,0
BRDA:49,4,0,0
BRDA:49,4,1,3
BRDA:52,5,0,1
BRDA:52,5,1,2
BRDA:70,6,0,1
BRDA:70,6,1,6
BRDA:70,7,0,7
BRDA:70,7,1,1
BRDA:74,8,0,3
BRDA:74,8,1,4
BRDA:74,9,0,7
BRDA:74,9,1,6
BRF:20
BRH:15
end_of_record
TN:
SF:client/src/components/RelatedOutfits/RelatedStars.jsx
FN:3,(anonymous_0)
FNF:1
FNH:0
FNDA:0,(anonymous_0)
DA:3,1
DA:4,0
DA:5,0
DA:6,0
DA:7,0
DA:8,0
DA:9,0
DA:12,0
DA:13,0
DA:15,0
DA:16,0
LF:11
LH:1
BRDA:6,0,0,0
BRDA:6,0,1,0
BRDA:15,1,0,0
BRDA:15,1,1,0
BRF:4
BRH:0
end_of_record
